<?xml version="1.0" encoding="UTF-8"?>
<robot generator="Robot 6.0.2 (Python 3.10.6 on linux)" generated="20230125 15:03:49.810" rpa="false" schemaversion="3">
<suite id="s1" name="Compteur Phrases" source="/home/ajc/RobotFramework/test_python/compteur_phrases.robot">
<test id="s1-t1" name="Test Nettoyage phrases" line="6">
<kw name="Phrase nettoyage template Salut! donne Salut" sourcename="Phrase nettoyage template ${input} donne ${resultat}">
<kw name="Clean Phrase" library="LibTestStr">
<var>${cleaned_str}</var>
<arg>${input}</arg>
<msg timestamp="20230125 15:03:49.831" level="INFO">${cleaned_str} = Salut</msg>
<status status="PASS" starttime="20230125 15:03:49.831" endtime="20230125 15:03:49.831"/>
</kw>
<kw name="Should Be Equal" library="BuiltIn">
<arg>${cleaned_str}</arg>
<arg>${resultat}</arg>
<doc>Fails if the given objects are unequal.</doc>
<status status="PASS" starttime="20230125 15:03:49.831" endtime="20230125 15:03:49.832"/>
</kw>
<status status="PASS" starttime="20230125 15:03:49.831" endtime="20230125 15:03:49.832"/>
</kw>
<kw name="Phrase nettoyage template Sal;ut! donne Salut" sourcename="Phrase nettoyage template ${input} donne ${resultat}">
<kw name="Clean Phrase" library="LibTestStr">
<var>${cleaned_str}</var>
<arg>${input}</arg>
<msg timestamp="20230125 15:03:49.832" level="INFO">${cleaned_str} = Salut</msg>
<status status="PASS" starttime="20230125 15:03:49.832" endtime="20230125 15:03:49.832"/>
</kw>
<kw name="Should Be Equal" library="BuiltIn">
<arg>${cleaned_str}</arg>
<arg>${resultat}</arg>
<doc>Fails if the given objects are unequal.</doc>
<status status="PASS" starttime="20230125 15:03:49.832" endtime="20230125 15:03:49.833"/>
</kw>
<status status="PASS" starttime="20230125 15:03:49.832" endtime="20230125 15:03:49.833"/>
</kw>
<kw name="Phrase nettoyage template Sal,ut! donne Salut" sourcename="Phrase nettoyage template ${input} donne ${resultat}">
<kw name="Clean Phrase" library="LibTestStr">
<var>${cleaned_str}</var>
<arg>${input}</arg>
<msg timestamp="20230125 15:03:49.833" level="INFO">${cleaned_str} = Salut</msg>
<status status="PASS" starttime="20230125 15:03:49.833" endtime="20230125 15:03:49.833"/>
</kw>
<kw name="Should Be Equal" library="BuiltIn">
<arg>${cleaned_str}</arg>
<arg>${resultat}</arg>
<doc>Fails if the given objects are unequal.</doc>
<status status="PASS" starttime="20230125 15:03:49.834" endtime="20230125 15:03:49.834"/>
</kw>
<status status="PASS" starttime="20230125 15:03:49.833" endtime="20230125 15:03:49.834"/>
</kw>
<kw name="Phrase nettoyage template je m'appelle Melinda donne jemappelleMelinda" sourcename="Phrase nettoyage template ${input} donne ${resultat}">
<kw name="Clean Phrase" library="LibTestStr">
<var>${cleaned_str}</var>
<arg>${input}</arg>
<msg timestamp="20230125 15:03:49.835" level="INFO">${cleaned_str} = jemappelleMelinda</msg>
<status status="PASS" starttime="20230125 15:03:49.834" endtime="20230125 15:03:49.835"/>
</kw>
<kw name="Should Be Equal" library="BuiltIn">
<arg>${cleaned_str}</arg>
<arg>${resultat}</arg>
<doc>Fails if the given objects are unequal.</doc>
<status status="PASS" starttime="20230125 15:03:49.835" endtime="20230125 15:03:49.835"/>
</kw>
<status status="PASS" starttime="20230125 15:03:49.834" endtime="20230125 15:03:49.835"/>
</kw>
<kw name="Phrase nettoyage template -'test;test!' donne testtest" sourcename="Phrase nettoyage template ${input} donne ${resultat}">
<kw name="Clean Phrase" library="LibTestStr">
<var>${cleaned_str}</var>
<arg>${input}</arg>
<msg timestamp="20230125 15:03:49.836" level="INFO">${cleaned_str} = testtest</msg>
<status status="PASS" starttime="20230125 15:03:49.836" endtime="20230125 15:03:49.836"/>
</kw>
<kw name="Should Be Equal" library="BuiltIn">
<arg>${cleaned_str}</arg>
<arg>${resultat}</arg>
<doc>Fails if the given objects are unequal.</doc>
<status status="PASS" starttime="20230125 15:03:49.836" endtime="20230125 15:03:49.836"/>
</kw>
<status status="PASS" starttime="20230125 15:03:49.835" endtime="20230125 15:03:49.836"/>
</kw>
<kw name="Phrase nettoyage template a .!?,;:-\'\&quot;&quot; donne a" sourcename="Phrase nettoyage template ${input} donne ${resultat}">
<kw name="Clean Phrase" library="LibTestStr">
<var>${cleaned_str}</var>
<arg>${input}</arg>
<msg timestamp="20230125 15:03:49.837" level="INFO">${cleaned_str} = a</msg>
<status status="PASS" starttime="20230125 15:03:49.837" endtime="20230125 15:03:49.837"/>
</kw>
<kw name="Should Be Equal" library="BuiltIn">
<arg>${cleaned_str}</arg>
<arg>${resultat}</arg>
<doc>Fails if the given objects are unequal.</doc>
<status status="PASS" starttime="20230125 15:03:49.838" endtime="20230125 15:03:49.838"/>
</kw>
<status status="PASS" starttime="20230125 15:03:49.837" endtime="20230125 15:03:49.838"/>
</kw>
<kw name="Phrase nettoyage template ${EMPTY} donne ${EMPTY}" sourcename="Phrase nettoyage template ${input} donne ${resultat}">
<kw name="Clean Phrase" library="LibTestStr">
<var>${cleaned_str}</var>
<arg>${input}</arg>
<msg timestamp="20230125 15:03:49.840" level="INFO">${cleaned_str} = </msg>
<status status="PASS" starttime="20230125 15:03:49.840" endtime="20230125 15:03:49.840"/>
</kw>
<kw name="Should Be Equal" library="BuiltIn">
<arg>${cleaned_str}</arg>
<arg>${resultat}</arg>
<doc>Fails if the given objects are unequal.</doc>
<status status="PASS" starttime="20230125 15:03:49.840" endtime="20230125 15:03:49.840"/>
</kw>
<status status="PASS" starttime="20230125 15:03:49.838" endtime="20230125 15:03:49.840"/>
</kw>
<status status="PASS" starttime="20230125 15:03:49.830" endtime="20230125 15:03:49.841"/>
</test>
<test id="s1-t2" name="Test Compteur voyelles" line="16">
<kw name="Compteur voyelles template Salut! donne 2" sourcename="Compteur voyelles template ${input} donne ${resultat}">
<kw name="Nombre Voyelles" library="LibTestStr">
<var>${nb_voyelles}</var>
<arg>${input}</arg>
<msg timestamp="20230125 15:03:49.842" level="INFO">${nb_voyelles} = 2</msg>
<status status="PASS" starttime="20230125 15:03:49.842" endtime="20230125 15:03:49.842"/>
</kw>
<kw name="Should Be Equal" library="BuiltIn">
<arg>'${nb_voyelles}'</arg>
<arg>'${resultat}'</arg>
<doc>Fails if the given objects are unequal.</doc>
<status status="PASS" starttime="20230125 15:03:49.842" endtime="20230125 15:03:49.843"/>
</kw>
<status status="PASS" starttime="20230125 15:03:49.841" endtime="20230125 15:03:49.843"/>
</kw>
<kw name="Compteur voyelles template Sal;ut! donne 2" sourcename="Compteur voyelles template ${input} donne ${resultat}">
<kw name="Nombre Voyelles" library="LibTestStr">
<var>${nb_voyelles}</var>
<arg>${input}</arg>
<msg timestamp="20230125 15:03:49.844" level="INFO">${nb_voyelles} = 2</msg>
<status status="PASS" starttime="20230125 15:03:49.843" endtime="20230125 15:03:49.844"/>
</kw>
<kw name="Should Be Equal" library="BuiltIn">
<arg>'${nb_voyelles}'</arg>
<arg>'${resultat}'</arg>
<doc>Fails if the given objects are unequal.</doc>
<status status="PASS" starttime="20230125 15:03:49.844" endtime="20230125 15:03:49.844"/>
</kw>
<status status="PASS" starttime="20230125 15:03:49.843" endtime="20230125 15:03:49.844"/>
</kw>
<kw name="Compteur voyelles template Sal,ut! donne 2" sourcename="Compteur voyelles template ${input} donne ${resultat}">
<kw name="Nombre Voyelles" library="LibTestStr">
<var>${nb_voyelles}</var>
<arg>${input}</arg>
<msg timestamp="20230125 15:03:49.845" level="INFO">${nb_voyelles} = 2</msg>
<status status="PASS" starttime="20230125 15:03:49.845" endtime="20230125 15:03:49.845"/>
</kw>
<kw name="Should Be Equal" library="BuiltIn">
<arg>'${nb_voyelles}'</arg>
<arg>'${resultat}'</arg>
<doc>Fails if the given objects are unequal.</doc>
<status status="PASS" starttime="20230125 15:03:49.845" endtime="20230125 15:03:49.846"/>
</kw>
<status status="PASS" starttime="20230125 15:03:49.845" endtime="20230125 15:03:49.846"/>
</kw>
<kw name="Compteur voyelles template je m'appelle Melinda donne 7" sourcename="Compteur voyelles template ${input} donne ${resultat}">
<kw name="Nombre Voyelles" library="LibTestStr">
<var>${nb_voyelles}</var>
<arg>${input}</arg>
<msg timestamp="20230125 15:03:49.847" level="INFO">${nb_voyelles} = 7</msg>
<status status="PASS" starttime="20230125 15:03:49.846" endtime="20230125 15:03:49.847"/>
</kw>
<kw name="Should Be Equal" library="BuiltIn">
<arg>'${nb_voyelles}'</arg>
<arg>'${resultat}'</arg>
<doc>Fails if the given objects are unequal.</doc>
<status status="PASS" starttime="20230125 15:03:49.847" endtime="20230125 15:03:49.848"/>
</kw>
<status status="PASS" starttime="20230125 15:03:49.846" endtime="20230125 15:03:49.848"/>
</kw>
<kw name="Compteur voyelles template -'test;test!' donne 2" sourcename="Compteur voyelles template ${input} donne ${resultat}">
<kw name="Nombre Voyelles" library="LibTestStr">
<var>${nb_voyelles}</var>
<arg>${input}</arg>
<msg timestamp="20230125 15:03:49.849" level="INFO">${nb_voyelles} = 2</msg>
<status status="PASS" starttime="20230125 15:03:49.848" endtime="20230125 15:03:49.849"/>
</kw>
<kw name="Should Be Equal" library="BuiltIn">
<arg>'${nb_voyelles}'</arg>
<arg>'${resultat}'</arg>
<doc>Fails if the given objects are unequal.</doc>
<status status="PASS" starttime="20230125 15:03:49.849" endtime="20230125 15:03:49.849"/>
</kw>
<status status="PASS" starttime="20230125 15:03:49.848" endtime="20230125 15:03:49.849"/>
</kw>
<kw name="Compteur voyelles template a .!?,;:-\'\&quot;&quot; donne 1" sourcename="Compteur voyelles template ${input} donne ${resultat}">
<kw name="Nombre Voyelles" library="LibTestStr">
<var>${nb_voyelles}</var>
<arg>${input}</arg>
<msg timestamp="20230125 15:03:49.850" level="INFO">${nb_voyelles} = 1</msg>
<status status="PASS" starttime="20230125 15:03:49.850" endtime="20230125 15:03:49.850"/>
</kw>
<kw name="Should Be Equal" library="BuiltIn">
<arg>'${nb_voyelles}'</arg>
<arg>'${resultat}'</arg>
<doc>Fails if the given objects are unequal.</doc>
<status status="PASS" starttime="20230125 15:03:49.851" endtime="20230125 15:03:49.851"/>
</kw>
<status status="PASS" starttime="20230125 15:03:49.850" endtime="20230125 15:03:49.851"/>
</kw>
<kw name="Compteur voyelles template nnnbj donne 0" sourcename="Compteur voyelles template ${input} donne ${resultat}">
<kw name="Nombre Voyelles" library="LibTestStr">
<var>${nb_voyelles}</var>
<arg>${input}</arg>
<msg timestamp="20230125 15:03:49.852" level="INFO">${nb_voyelles} = 0</msg>
<status status="PASS" starttime="20230125 15:03:49.852" endtime="20230125 15:03:49.852"/>
</kw>
<kw name="Should Be Equal" library="BuiltIn">
<arg>'${nb_voyelles}'</arg>
<arg>'${resultat}'</arg>
<doc>Fails if the given objects are unequal.</doc>
<status status="PASS" starttime="20230125 15:03:49.852" endtime="20230125 15:03:49.853"/>
</kw>
<status status="PASS" starttime="20230125 15:03:49.852" endtime="20230125 15:03:49.853"/>
</kw>
<kw name="Compteur voyelles template àâäaéèëêeiïìoôuùy donne 17" sourcename="Compteur voyelles template ${input} donne ${resultat}">
<kw name="Nombre Voyelles" library="LibTestStr">
<var>${nb_voyelles}</var>
<arg>${input}</arg>
<msg timestamp="20230125 15:03:49.854" level="INFO">${nb_voyelles} = 17</msg>
<status status="PASS" starttime="20230125 15:03:49.853" endtime="20230125 15:03:49.854"/>
</kw>
<kw name="Should Be Equal" library="BuiltIn">
<arg>'${nb_voyelles}'</arg>
<arg>'${resultat}'</arg>
<doc>Fails if the given objects are unequal.</doc>
<status status="PASS" starttime="20230125 15:03:49.854" endtime="20230125 15:03:49.854"/>
</kw>
<status status="PASS" starttime="20230125 15:03:49.853" endtime="20230125 15:03:49.854"/>
</kw>
<kw name="Compteur voyelles template ${EMPTY} donne 0" sourcename="Compteur voyelles template ${input} donne ${resultat}">
<kw name="Nombre Voyelles" library="LibTestStr">
<var>${nb_voyelles}</var>
<arg>${input}</arg>
<msg timestamp="20230125 15:03:49.856" level="INFO">${nb_voyelles} = 0</msg>
<status status="PASS" starttime="20230125 15:03:49.855" endtime="20230125 15:03:49.856"/>
</kw>
<kw name="Should Be Equal" library="BuiltIn">
<arg>'${nb_voyelles}'</arg>
<arg>'${resultat}'</arg>
<doc>Fails if the given objects are unequal.</doc>
<status status="PASS" starttime="20230125 15:03:49.856" endtime="20230125 15:03:49.856"/>
</kw>
<status status="PASS" starttime="20230125 15:03:49.854" endtime="20230125 15:03:49.856"/>
</kw>
<status status="PASS" starttime="20230125 15:03:49.841" endtime="20230125 15:03:49.857"/>
</test>
<test id="s1-t3" name="Test Compteur consonnes" line="29">
<kw name="Compteur consonnes template Salut! donne 3" sourcename="Compteur consonnes template ${input} donne ${resultat}">
<kw name="Nombre Consonnes" library="LibTestStr">
<var>${nb_consonnes}</var>
<arg>${input}</arg>
<msg timestamp="20230125 15:03:49.858" level="INFO">${nb_consonnes} = 3</msg>
<status status="PASS" starttime="20230125 15:03:49.858" endtime="20230125 15:03:49.858"/>
</kw>
<kw name="Should Be Equal" library="BuiltIn">
<arg>'${nb_consonnes}'</arg>
<arg>'${resultat}'</arg>
<doc>Fails if the given objects are unequal.</doc>
<status status="PASS" starttime="20230125 15:03:49.859" endtime="20230125 15:03:49.859"/>
</kw>
<status status="PASS" starttime="20230125 15:03:49.858" endtime="20230125 15:03:49.859"/>
</kw>
<kw name="Compteur consonnes template Sal;ut! donne 3" sourcename="Compteur consonnes template ${input} donne ${resultat}">
<kw name="Nombre Consonnes" library="LibTestStr">
<var>${nb_consonnes}</var>
<arg>${input}</arg>
<msg timestamp="20230125 15:03:49.860" level="INFO">${nb_consonnes} = 3</msg>
<status status="PASS" starttime="20230125 15:03:49.860" endtime="20230125 15:03:49.860"/>
</kw>
<kw name="Should Be Equal" library="BuiltIn">
<arg>'${nb_consonnes}'</arg>
<arg>'${resultat}'</arg>
<doc>Fails if the given objects are unequal.</doc>
<status status="PASS" starttime="20230125 15:03:49.860" endtime="20230125 15:03:49.861"/>
</kw>
<status status="PASS" starttime="20230125 15:03:49.859" endtime="20230125 15:03:49.861"/>
</kw>
<kw name="Compteur consonnes template Sal,ut! donne 3" sourcename="Compteur consonnes template ${input} donne ${resultat}">
<kw name="Nombre Consonnes" library="LibTestStr">
<var>${nb_consonnes}</var>
<arg>${input}</arg>
<msg timestamp="20230125 15:03:49.862" level="INFO">${nb_consonnes} = 3</msg>
<status status="PASS" starttime="20230125 15:03:49.861" endtime="20230125 15:03:49.862"/>
</kw>
<kw name="Should Be Equal" library="BuiltIn">
<arg>'${nb_consonnes}'</arg>
<arg>'${resultat}'</arg>
<doc>Fails if the given objects are unequal.</doc>
<status status="PASS" starttime="20230125 15:03:49.862" endtime="20230125 15:03:49.862"/>
</kw>
<status status="PASS" starttime="20230125 15:03:49.861" endtime="20230125 15:03:49.862"/>
</kw>
<kw name="Compteur consonnes template je m'appelle Melinda donne 10" sourcename="Compteur consonnes template ${input} donne ${resultat}">
<kw name="Nombre Consonnes" library="LibTestStr">
<var>${nb_consonnes}</var>
<arg>${input}</arg>
<msg timestamp="20230125 15:03:49.863" level="INFO">${nb_consonnes} = 10</msg>
<status status="PASS" starttime="20230125 15:03:49.863" endtime="20230125 15:03:49.863"/>
</kw>
<kw name="Should Be Equal" library="BuiltIn">
<arg>'${nb_consonnes}'</arg>
<arg>'${resultat}'</arg>
<doc>Fails if the given objects are unequal.</doc>
<status status="PASS" starttime="20230125 15:03:49.864" endtime="20230125 15:03:49.864"/>
</kw>
<status status="PASS" starttime="20230125 15:03:49.863" endtime="20230125 15:03:49.864"/>
</kw>
<kw name="Compteur consonnes template -'test;test!' donne 6" sourcename="Compteur consonnes template ${input} donne ${resultat}">
<kw name="Nombre Consonnes" library="LibTestStr">
<var>${nb_consonnes}</var>
<arg>${input}</arg>
<msg timestamp="20230125 15:03:49.866" level="INFO">${nb_consonnes} = 6</msg>
<status status="PASS" starttime="20230125 15:03:49.865" endtime="20230125 15:03:49.866"/>
</kw>
<kw name="Should Be Equal" library="BuiltIn">
<arg>'${nb_consonnes}'</arg>
<arg>'${resultat}'</arg>
<doc>Fails if the given objects are unequal.</doc>
<status status="PASS" starttime="20230125 15:03:49.866" endtime="20230125 15:03:49.867"/>
</kw>
<status status="PASS" starttime="20230125 15:03:49.865" endtime="20230125 15:03:49.867"/>
</kw>
<kw name="Compteur consonnes template a .!?,;:-\'\&quot;&quot; donne 0" sourcename="Compteur consonnes template ${input} donne ${resultat}">
<kw name="Nombre Consonnes" library="LibTestStr">
<var>${nb_consonnes}</var>
<arg>${input}</arg>
<msg timestamp="20230125 15:03:49.868" level="INFO">${nb_consonnes} = 0</msg>
<status status="PASS" starttime="20230125 15:03:49.868" endtime="20230125 15:03:49.868"/>
</kw>
<kw name="Should Be Equal" library="BuiltIn">
<arg>'${nb_consonnes}'</arg>
<arg>'${resultat}'</arg>
<doc>Fails if the given objects are unequal.</doc>
<status status="PASS" starttime="20230125 15:03:49.868" endtime="20230125 15:03:49.869"/>
</kw>
<status status="PASS" starttime="20230125 15:03:49.867" endtime="20230125 15:03:49.869"/>
</kw>
<kw name="Compteur consonnes template nnnbj donne 5" sourcename="Compteur consonnes template ${input} donne ${resultat}">
<kw name="Nombre Consonnes" library="LibTestStr">
<var>${nb_consonnes}</var>
<arg>${input}</arg>
<msg timestamp="20230125 15:03:49.870" level="INFO">${nb_consonnes} = 5</msg>
<status status="PASS" starttime="20230125 15:03:49.869" endtime="20230125 15:03:49.870"/>
</kw>
<kw name="Should Be Equal" library="BuiltIn">
<arg>'${nb_consonnes}'</arg>
<arg>'${resultat}'</arg>
<doc>Fails if the given objects are unequal.</doc>
<status status="PASS" starttime="20230125 15:03:49.870" endtime="20230125 15:03:49.870"/>
</kw>
<status status="PASS" starttime="20230125 15:03:49.869" endtime="20230125 15:03:49.870"/>
</kw>
<kw name="Compteur consonnes template àâäaéèëêeiïìoôuùy donne 0" sourcename="Compteur consonnes template ${input} donne ${resultat}">
<kw name="Nombre Consonnes" library="LibTestStr">
<var>${nb_consonnes}</var>
<arg>${input}</arg>
<msg timestamp="20230125 15:03:49.871" level="INFO">${nb_consonnes} = 0</msg>
<status status="PASS" starttime="20230125 15:03:49.871" endtime="20230125 15:03:49.871"/>
</kw>
<kw name="Should Be Equal" library="BuiltIn">
<arg>'${nb_consonnes}'</arg>
<arg>'${resultat}'</arg>
<doc>Fails if the given objects are unequal.</doc>
<status status="PASS" starttime="20230125 15:03:49.872" endtime="20230125 15:03:49.872"/>
</kw>
<status status="PASS" starttime="20230125 15:03:49.870" endtime="20230125 15:03:49.872"/>
</kw>
<kw name="Compteur consonnes template ${EMPTY} donne 0" sourcename="Compteur consonnes template ${input} donne ${resultat}">
<kw name="Nombre Consonnes" library="LibTestStr">
<var>${nb_consonnes}</var>
<arg>${input}</arg>
<msg timestamp="20230125 15:03:49.874" level="INFO">${nb_consonnes} = 0</msg>
<status status="PASS" starttime="20230125 15:03:49.874" endtime="20230125 15:03:49.874"/>
</kw>
<kw name="Should Be Equal" library="BuiltIn">
<arg>'${nb_consonnes}'</arg>
<arg>'${resultat}'</arg>
<doc>Fails if the given objects are unequal.</doc>
<status status="PASS" starttime="20230125 15:03:49.874" endtime="20230125 15:03:49.875"/>
</kw>
<status status="PASS" starttime="20230125 15:03:49.873" endtime="20230125 15:03:49.875"/>
</kw>
<status status="PASS" starttime="20230125 15:03:49.857" endtime="20230125 15:03:49.875"/>
</test>
<test id="s1-t4" name="Test Compteur nombre mots" line="41">
<kw name="Compteur nb mots template Salut! donne 1" sourcename="Compteur nb mots template ${input} donne ${resultat}">
<kw name="Nombre Mots" library="LibTestStr">
<var>${nb_mots}</var>
<arg>${input}</arg>
<msg timestamp="20230125 15:03:49.877" level="INFO">${nb_mots} = 1</msg>
<status status="PASS" starttime="20230125 15:03:49.876" endtime="20230125 15:03:49.877"/>
</kw>
<kw name="Should Be Equal" library="BuiltIn">
<arg>'${nb_mots}'</arg>
<arg>'${resultat}'</arg>
<doc>Fails if the given objects are unequal.</doc>
<status status="PASS" starttime="20230125 15:03:49.877" endtime="20230125 15:03:49.877"/>
</kw>
<status status="PASS" starttime="20230125 15:03:49.876" endtime="20230125 15:03:49.878"/>
</kw>
<kw name="Compteur nb mots template Sal;ut! donne 1" sourcename="Compteur nb mots template ${input} donne ${resultat}">
<kw name="Nombre Mots" library="LibTestStr">
<var>${nb_mots}</var>
<arg>${input}</arg>
<msg timestamp="20230125 15:03:49.879" level="INFO">${nb_mots} = 1</msg>
<status status="PASS" starttime="20230125 15:03:49.878" endtime="20230125 15:03:49.879"/>
</kw>
<kw name="Should Be Equal" library="BuiltIn">
<arg>'${nb_mots}'</arg>
<arg>'${resultat}'</arg>
<doc>Fails if the given objects are unequal.</doc>
<status status="PASS" starttime="20230125 15:03:49.879" endtime="20230125 15:03:49.879"/>
</kw>
<status status="PASS" starttime="20230125 15:03:49.878" endtime="20230125 15:03:49.879"/>
</kw>
<kw name="Compteur nb mots template je m'appelle Melinda donne 3" sourcename="Compteur nb mots template ${input} donne ${resultat}">
<kw name="Nombre Mots" library="LibTestStr">
<var>${nb_mots}</var>
<arg>${input}</arg>
<msg timestamp="20230125 15:03:49.880" level="INFO">${nb_mots} = 3</msg>
<status status="PASS" starttime="20230125 15:03:49.880" endtime="20230125 15:03:49.880"/>
</kw>
<kw name="Should Be Equal" library="BuiltIn">
<arg>'${nb_mots}'</arg>
<arg>'${resultat}'</arg>
<doc>Fails if the given objects are unequal.</doc>
<status status="PASS" starttime="20230125 15:03:49.880" endtime="20230125 15:03:49.881"/>
</kw>
<status status="PASS" starttime="20230125 15:03:49.880" endtime="20230125 15:03:49.881"/>
</kw>
<kw name="Compteur nb mots template a .!?,;:-\'\&quot;&quot; donne 1" sourcename="Compteur nb mots template ${input} donne ${resultat}">
<kw name="Nombre Mots" library="LibTestStr">
<var>${nb_mots}</var>
<arg>${input}</arg>
<msg timestamp="20230125 15:03:49.882" level="INFO">${nb_mots} = 1</msg>
<status status="PASS" starttime="20230125 15:03:49.881" endtime="20230125 15:03:49.882"/>
</kw>
<kw name="Should Be Equal" library="BuiltIn">
<arg>'${nb_mots}'</arg>
<arg>'${resultat}'</arg>
<doc>Fails if the given objects are unequal.</doc>
<status status="PASS" starttime="20230125 15:03:49.882" endtime="20230125 15:03:49.882"/>
</kw>
<status status="PASS" starttime="20230125 15:03:49.881" endtime="20230125 15:03:49.882"/>
</kw>
<kw name="Compteur nb mots template nnnbj donne 1" sourcename="Compteur nb mots template ${input} donne ${resultat}">
<kw name="Nombre Mots" library="LibTestStr">
<var>${nb_mots}</var>
<arg>${input}</arg>
<msg timestamp="20230125 15:03:49.883" level="INFO">${nb_mots} = 1</msg>
<status status="PASS" starttime="20230125 15:03:49.883" endtime="20230125 15:03:49.883"/>
</kw>
<kw name="Should Be Equal" library="BuiltIn">
<arg>'${nb_mots}'</arg>
<arg>'${resultat}'</arg>
<doc>Fails if the given objects are unequal.</doc>
<status status="PASS" starttime="20230125 15:03:49.883" endtime="20230125 15:03:49.884"/>
</kw>
<status status="PASS" starttime="20230125 15:03:49.883" endtime="20230125 15:03:49.884"/>
</kw>
<kw name="Compteur nb mots template àâäaéèëêeiïìoôuùy donne 1" sourcename="Compteur nb mots template ${input} donne ${resultat}">
<kw name="Nombre Mots" library="LibTestStr">
<var>${nb_mots}</var>
<arg>${input}</arg>
<msg timestamp="20230125 15:03:49.885" level="INFO">${nb_mots} = 1</msg>
<status status="PASS" starttime="20230125 15:03:49.884" endtime="20230125 15:03:49.885"/>
</kw>
<kw name="Should Be Equal" library="BuiltIn">
<arg>'${nb_mots}'</arg>
<arg>'${resultat}'</arg>
<doc>Fails if the given objects are unequal.</doc>
<status status="PASS" starttime="20230125 15:03:49.885" endtime="20230125 15:03:49.885"/>
</kw>
<status status="PASS" starttime="20230125 15:03:49.884" endtime="20230125 15:03:49.885"/>
</kw>
<kw name="Compteur nb mots template Nous faisons des tests donne 4" sourcename="Compteur nb mots template ${input} donne ${resultat}">
<kw name="Nombre Mots" library="LibTestStr">
<var>${nb_mots}</var>
<arg>${input}</arg>
<msg timestamp="20230125 15:03:49.886" level="INFO">${nb_mots} = 4</msg>
<status status="PASS" starttime="20230125 15:03:49.886" endtime="20230125 15:03:49.886"/>
</kw>
<kw name="Should Be Equal" library="BuiltIn">
<arg>'${nb_mots}'</arg>
<arg>'${resultat}'</arg>
<doc>Fails if the given objects are unequal.</doc>
<status status="PASS" starttime="20230125 15:03:49.886" endtime="20230125 15:03:49.887"/>
</kw>
<status status="PASS" starttime="20230125 15:03:49.885" endtime="20230125 15:03:49.887"/>
</kw>
<kw name="Compteur nb mots template Je sais pas donne 3" sourcename="Compteur nb mots template ${input} donne ${resultat}">
<kw name="Nombre Mots" library="LibTestStr">
<var>${nb_mots}</var>
<arg>${input}</arg>
<msg timestamp="20230125 15:03:49.888" level="INFO">${nb_mots} = 3</msg>
<status status="PASS" starttime="20230125 15:03:49.888" endtime="20230125 15:03:49.888"/>
</kw>
<kw name="Should Be Equal" library="BuiltIn">
<arg>'${nb_mots}'</arg>
<arg>'${resultat}'</arg>
<doc>Fails if the given objects are unequal.</doc>
<status status="PASS" starttime="20230125 15:03:49.888" endtime="20230125 15:03:49.888"/>
</kw>
<status status="PASS" starttime="20230125 15:03:49.887" endtime="20230125 15:03:49.889"/>
</kw>
<kw name="Compteur nb mots template Salut Gilles ! donne 2" sourcename="Compteur nb mots template ${input} donne ${resultat}">
<kw name="Nombre Mots" library="LibTestStr">
<var>${nb_mots}</var>
<arg>${input}</arg>
<msg timestamp="20230125 15:03:49.890" level="INFO">${nb_mots} = 2</msg>
<status status="PASS" starttime="20230125 15:03:49.889" endtime="20230125 15:03:49.890"/>
</kw>
<kw name="Should Be Equal" library="BuiltIn">
<arg>'${nb_mots}'</arg>
<arg>'${resultat}'</arg>
<doc>Fails if the given objects are unequal.</doc>
<status status="PASS" starttime="20230125 15:03:49.890" endtime="20230125 15:03:49.890"/>
</kw>
<status status="PASS" starttime="20230125 15:03:49.889" endtime="20230125 15:03:49.890"/>
</kw>
<kw name="Compteur nb mots template ${EMPTY} donne 0" sourcename="Compteur nb mots template ${input} donne ${resultat}">
<kw name="Nombre Mots" library="LibTestStr">
<var>${nb_mots}</var>
<arg>${input}</arg>
<msg timestamp="20230125 15:03:49.893" level="INFO">${nb_mots} = 0</msg>
<status status="PASS" starttime="20230125 15:03:49.892" endtime="20230125 15:03:49.893"/>
</kw>
<kw name="Should Be Equal" library="BuiltIn">
<arg>'${nb_mots}'</arg>
<arg>'${resultat}'</arg>
<doc>Fails if the given objects are unequal.</doc>
<status status="PASS" starttime="20230125 15:03:49.894" endtime="20230125 15:03:49.894"/>
</kw>
<status status="PASS" starttime="20230125 15:03:49.891" endtime="20230125 15:03:49.894"/>
</kw>
<status status="PASS" starttime="20230125 15:03:49.875" endtime="20230125 15:03:49.894"/>
</test>
<status status="PASS" starttime="20230125 15:03:49.811" endtime="20230125 15:03:49.895"/>
</suite>
<statistics>
<total>
<stat pass="4" fail="0" skip="0">All Tests</stat>
</total>
<tag>
</tag>
<suite>
<stat pass="4" fail="0" skip="0" id="s1" name="Compteur Phrases">Compteur Phrases</stat>
</suite>
</statistics>
<errors>
</errors>
</robot>
